<?xml version="1.0" encoding="UTF-8"?>
<testsuite xmlns:xsi="http://www.w3.org/2001/XMLSchema-instance" xsi:noNamespaceSchemaLocation="https://maven.apache.org/surefire/maven-surefire-plugin/xsd/surefire-test-report-3.0.xsd" version="3.0" name="yueyang.devkit.DevKitIntegrationTest" time="0.494" tests="28" errors="0" skipped="0" failures="0">
  <properties>
[...]
</properties>
  <testcase name="testIdleValidationEvict" classname="yueyang.devkit.DevKitIntegrationTest" time="0.044">
    <system-err><![CDATA[[main] INFO DevKit - DevKit initialized. Entity count: 2
[main] INFO DevKit - DevKit initialized. Entity count: 2
[main] INFO DevKit - DevKit initialized. Entity count: 2
]]></system-err>
  </testcase>
  <testcase name="testPreheatAndLeakStack" classname="yueyang.devkit.DevKitIntegrationTest" time="0.033">
    <system-err><![CDATA[[main] INFO DevKit - DevKit initialized. Entity count: 2
[main] WARN DevKit - Connection leak suspected, checkout cost(ms): 25
Leak stack:
  at yueyang.devkit.pool.DKPooledConnection.<init>(DKPooledConnection.java:29)
  at yueyang.devkit.pool.DKPooledConnection.wrap(DKPooledConnection.java:58)
  at yueyang.devkit.pool.DKDataSource.getConnection(DKDataSource.java:25)
  at yueyang.devkit.DevKitIntegrationTest.testPreheatAndLeakStack(DevKitIntegrationTest.java:438)
  at java.base/jdk.internal.reflect.DirectMethodHandleAccessor.invoke(DirectMethodHandleAccessor.java:103)
  at java.base/java.lang.reflect.Method.invoke(Method.java:580)
  at org.junit.platform.commons.util.ReflectionUtils.invokeMethod(ReflectionUtils.java:728)
  at org.junit.jupiter.engine.execution.MethodInvocation.proceed(MethodInvocation.java:60)
  at org.junit.jupiter.engine.execution.InvocationInterceptorChain$ValidatingInvocation.proceed(InvocationInterceptorChain.java:131)
  at org.junit.jupiter.engine.extension.TimeoutExtension.intercept(TimeoutExtension.java:156)
  at org.junit.jupiter.engine.extension.TimeoutExtension.interceptTestableMethod(TimeoutExtension.java:147)
  at org.junit.jupiter.engine.extension.TimeoutExtension.interceptTestMethod(TimeoutExtension.java:86)
  at org.junit.jupiter.engine.execution.InterceptingExecutableInvoker$ReflectiveInterceptorCall.lambda$ofVoidMethod$0(InterceptingExecutableInvoker.java:103)
  at org.junit.jupiter.engine.execution.InterceptingExecutableInvoker.lambda$invoke$0(InterceptingExecutableInvoker.java:93)
  at org.junit.jupiter.engine.execution.InvocationInterceptorChain$InterceptedInvocation.proceed(InvocationInterceptorChain.java:106)
  at org.junit.jupiter.engine.execution.InvocationInterceptorChain.proceed(InvocationInterceptorChain.java:64)
  at org.junit.jupiter.engine.execution.InvocationInterceptorChain.chainAndInvoke(InvocationInterceptorChain.java:45)
  at org.junit.jupiter.engine.execution.InvocationInterceptorChain.invoke(InvocationInterceptorChain.java:37)
  at org.junit.jupiter.engine.execution.InterceptingExecutableInvoker.invoke(InterceptingExecutableInvoker.java:92)
  at org.junit.jupiter.engine.execution.InterceptingExecutableInvoker.invoke(InterceptingExecutableInvoker.java:86)
  at org.junit.jupiter.engine.descriptor.TestMethodTestDescriptor.lambda$invokeTestMethod$7(TestMethodTestDescriptor.java:218)
  at org.junit.platform.engine.support.hierarchical.ThrowableCollector.execute(ThrowableCollector.java:73)
  at org.junit.jupiter.engine.descriptor.TestMethodTestDescriptor.invokeTestMethod(TestMethodTestDescriptor.java:214)
  at org.junit.jupiter.engine.descriptor.TestMethodTestDescriptor.execute(TestMethodTestDescriptor.java:139)
  at org.junit.jupiter.engine.descriptor.TestMethodTestDescriptor.execute(TestMethodTestDescriptor.java:69)
  at org.junit.platform.engine.support.hierarchical.NodeTestTask.lambda$executeRecursively$6(NodeTestTask.java:151)
  at org.junit.platform.engine.support.hierarchical.ThrowableCollector.execute(ThrowableCollector.java:73)
  at org.junit.platform.engine.support.hierarchical.NodeTestTask.lambda$executeRecursively$8(NodeTestTask.java:141)
  at org.junit.platform.engine.support.hierarchical.Node.around(Node.java:137)
  at org.junit.platform.engine.support.hierarchical.NodeTestTask.lambda$executeRecursively$9(NodeTestTask.java:139)
  at org.junit.platform.engine.support.hierarchical.ThrowableCollector.execute(ThrowableCollector.java:73)
  at org.junit.platform.engine.support.hierarchical.NodeTestTask.executeRecursively(NodeTestTask.java:138)
  at org.junit.platform.engine.support.hierarchical.NodeTestTask.execute(NodeTestTask.java:95)
  at java.base/java.util.ArrayList.forEach(ArrayList.java:1596)
  at org.junit.platform.engine.support.hierarchical.SameThreadHierarchicalTestExecutorService.invokeAll(SameThreadHierarchicalTestExecutorService.java:41)
  at org.junit.platform.engine.support.hierarchical.NodeTestTask.lambda$executeRecursively$6(NodeTestTask.java:155)
  at org.junit.platform.engine.support.hierarchical.ThrowableCollector.execute(ThrowableCollector.java:73)
  at org.junit.platform.engine.support.hierarchical.NodeTestTask.lambda$executeRecursively$8(NodeTestTask.java:141)
  at org.junit.platform.engine.support.hierarchical.Node.around(Node.java:137)
  at org.junit.platform.engine.support.hierarchical.NodeTestTask.lambda$executeRecursively$9(NodeTestTask.java:139)
  at org.junit.platform.engine.support.hierarchical.ThrowableCollector.execute(ThrowableCollector.java:73)
  at org.junit.platform.engine.support.hierarchical.NodeTestTask.executeRecursively(NodeTestTask.java:138)
  at org.junit.platform.engine.support.hierarchical.NodeTestTask.execute(NodeTestTask.java:95)
  at java.base/java.util.ArrayList.forEach(ArrayList.java:1596)
  at org.junit.platform.engine.support.hierarchical.SameThreadHierarchicalTestExecutorService.invokeAll(SameThreadHierarchicalTestExecutorService.java:41)
  at org.junit.platform.engine.support.hierarchical.NodeTestTask.lambda$executeRecursively$6(NodeTestTask.java:155)
  at org.junit.platform.engine.support.hierarchical.ThrowableCollector.execute(ThrowableCollector.java:73)
  at org.junit.platform.engine.support.hierarchical.NodeTestTask.lambda$executeRecursively$8(NodeTestTask.java:141)
  at org.junit.platform.engine.support.hierarchical.Node.around(Node.java:137)
  at org.junit.platform.engine.support.hierarchical.NodeTestTask.lambda$executeRecursively$9(NodeTestTask.java:139)
  at org.junit.platform.engine.support.hierarchical.ThrowableCollector.execute(ThrowableCollector.java:73)
  at org.junit.platform.engine.support.hierarchical.NodeTestTask.executeRecursively(NodeTestTask.java:138)
  at org.junit.platform.engine.support.hierarchical.NodeTestTask.execute(NodeTestTask.java:95)
  at org.junit.platform.engine.support.hierarchical.SameThreadHierarchicalTestExecutorService.submit(SameThreadHierarchicalTestExecutorService.java:35)
  at org.junit.platform.engine.support.hierarchical.HierarchicalTestExecutor.execute(HierarchicalTestExecutor.java:57)
  at org.junit.platform.engine.support.hierarchical.HierarchicalTestEngine.execute(HierarchicalTestEngine.java:54)
  at org.junit.platform.launcher.core.EngineExecutionOrchestrator.execute(EngineExecutionOrchestrator.java:198)
  at org.junit.platform.launcher.core.EngineExecutionOrchestrator.execute(EngineExecutionOrchestrator.java:169)
  at org.junit.platform.launcher.core.EngineExecutionOrchestrator.execute(EngineExecutionOrchestrator.java:93)
  at org.junit.platform.launcher.core.EngineExecutionOrchestrator.lambda$execute$0(EngineExecutionOrchestrator.java:58)
  at org.junit.platform.launcher.core.EngineExecutionOrchestrator.withInterceptedStreams(EngineExecutionOrchestrator.java:141)
  at org.junit.platform.launcher.core.EngineExecutionOrchestrator.execute(EngineExecutionOrchestrator.java:57)
  at org.junit.platform.launcher.core.DefaultLauncher.execute(DefaultLauncher.java:103)
  at org.junit.platform.launcher.core.DefaultLauncher.execute(DefaultLauncher.java:85)
  at org.junit.platform.launcher.core.DelegatingLauncher.execute(DelegatingLauncher.java:47)
  at org.apache.maven.surefire.junitplatform.LazyLauncher.execute(LazyLauncher.java:56)
  at org.apache.maven.surefire.junitplatform.JUnitPlatformProvider.execute(JUnitPlatformProvider.java:184)
  at org.apache.maven.surefire.junitplatform.JUnitPlatformProvider.invokeAllTests(JUnitPlatformProvider.java:148)
  at org.apache.maven.surefire.junitplatform.JUnitPlatformProvider.invoke(JUnitPlatformProvider.java:122)
  at org.apache.maven.surefire.booter.ForkedBooter.runSuitesInProcess(ForkedBooter.java:385)
  at org.apache.maven.surefire.booter.ForkedBooter.execute(ForkedBooter.java:162)
  at org.apache.maven.surefire.booter.ForkedBooter.run(ForkedBooter.java:507)
  at org.apache.maven.surefire.booter.ForkedBooter.main(ForkedBooter.java:495)

[main] INFO DevKit - DevKit initialized. Entity count: 2
]]></system-err>
  </testcase>
  <testcase name="testTxTimeout" classname="yueyang.devkit.DevKitIntegrationTest" time="0.075">
    <system-err><![CDATA[[main] INFO DevKit - DevKit initialized. Entity count: 2
[main] INFO DevKit - DevKit initialized. Entity count: 2
]]></system-err>
  </testcase>
  <testcase name="testConcurrencyPressure" classname="yueyang.devkit.DevKitIntegrationTest" time="0.127">
    <system-err><![CDATA[[main] INFO DevKit - DevKit initialized. Entity count: 2
[main] INFO DevKit - DevKit initialized. Entity count: 2
]]></system-err>
  </testcase>
  <testcase name="testPoolStabilityUnderLoad" classname="yueyang.devkit.DevKitIntegrationTest" time="0.022">
    <system-err><![CDATA[[main] INFO DevKit - DevKit initialized. Entity count: 2
[main] INFO DevKit - DevKit initialized. Entity count: 2
]]></system-err>
  </testcase>
  <testcase name="testDdlValidation" classname="yueyang.devkit.DevKitIntegrationTest" time="0.011">
    <system-err><![CDATA[[main] INFO DevKit - DevKit initialized. Entity count: 2
]]></system-err>
  </testcase>
  <testcase name="testSqlLoggingAndSlow" classname="yueyang.devkit.DevKitIntegrationTest" time="0.003"/>
  <testcase name="testNotInitialized" classname="yueyang.devkit.DevKitIntegrationTest" time="0.002">
    <system-err><![CDATA[[main] INFO DevKit - DevKit initialized. Entity count: 2
]]></system-err>
  </testcase>
  <testcase name="testNameValidation" classname="yueyang.devkit.DevKitIntegrationTest" time="0.002"/>
  <testcase name="testSqlExceptionMapping" classname="yueyang.devkit.DevKitIntegrationTest" time="0.002"/>
  <testcase name="testOrBetweenNotIn" classname="yueyang.devkit.DevKitIntegrationTest" time="0.004"/>
  <testcase name="testMetaRefresh" classname="yueyang.devkit.DevKitIntegrationTest" time="0.003"/>
  <testcase name="testBatchFailStrategyContinue" classname="yueyang.devkit.DevKitIntegrationTest" time="0.004">
    <system-err><![CDATA[[main] INFO DevKit - DevKit initialized. Entity count: 2
[main] WARN DevKit - SQL batch insert failed: INSERT INTO t_user (user_name, age) VALUES (?, ?), strategy=CONTINUE, err=NULL not allowed for column "USER_NAME"; SQL statement:
INSERT INTO t_user (user_name, age) VALUES (?, ?) [23502-224]
]]></system-err>
  </testcase>
  <testcase name="testTxRequiresNewIsolation" classname="yueyang.devkit.DevKitIntegrationTest" time="0.002"/>
  <testcase name="testBatchDetailResult" classname="yueyang.devkit.DevKitIntegrationTest" time="0.001"/>
  <testcase name="testAggregateGroupByHaving" classname="yueyang.devkit.DevKitIntegrationTest" time="0.009"/>
  <testcase name="testTransactionRollback" classname="yueyang.devkit.DevKitIntegrationTest" time="0.002"/>
  <testcase name="testProjectionQuery" classname="yueyang.devkit.DevKitIntegrationTest" time="0.002"/>
  <testcase name="testTypeMapping" classname="yueyang.devkit.DevKitIntegrationTest" time="0.003"/>
  <testcase name="testPoolMetricsAndReport" classname="yueyang.devkit.DevKitIntegrationTest" time="0.001"/>
  <testcase name="testInterceptor" classname="yueyang.devkit.DevKitIntegrationTest" time="0.001"/>
  <testcase name="testQueryOrderLimitOffset" classname="yueyang.devkit.DevKitIntegrationTest" time="0.003"/>
  <testcase name="testInsertFindUpdateDelete" classname="yueyang.devkit.DevKitIntegrationTest" time="0.002"/>
  <testcase name="testMultiDataSource" classname="yueyang.devkit.DevKitIntegrationTest" time="0.004"/>
  <testcase name="testExistsAndInSubquery" classname="yueyang.devkit.DevKitIntegrationTest" time="0.002"/>
  <testcase name="testDialectSql" classname="yueyang.devkit.DevKitIntegrationTest" time="0.0"/>
  <testcase name="testSavepointNestedRequired" classname="yueyang.devkit.DevKitIntegrationTest" time="0.003"/>
  <testcase name="testBatchUpdateDelete" classname="yueyang.devkit.DevKitIntegrationTest" time="0.002"/>
</testsuite>